<?xml version="1.0" encoding="UTF-8"?>
<!-- Generated by org.testng.reporters.JUnitXMLReporter -->
<testsuite ignored="0" hostname="DESKTOP-HNG5JPV" failures="0" tests="6" name="Default test" time="10.94" errors="0" timestamp="2026-05-01T10:46:29 IST">
  <testcase classname="com.fw.HybirdDriven" name="test" time="2.052"/>
  <testcase classname="com.fw.HybirdDriven" name="test" time="2.621"/>
  <testcase classname="com.fw.HybirdDriven" name="test" time="2.104"/>
  <testcase classname="com.fw.HybirdDriven" name="test" time="1.063"/>
  <testcase classname="com.fw.HybirdDriven" name="test" time="2.133"/>
  <testcase classname="com.fw.HybirdDriven" name="test" time="0.114"/>
</testsuite> <!-- Default test -->
