<?xml version="1.0" encoding="UTF-8"?>
<testng-results ignored="0" total="6" passed="6" failed="0" skipped="0">
  <reporter-output>
  </reporter-output>
  <suite started-at="2026-05-01T10:46:18 IST" name="Default suite" finished-at="2026-05-01T10:46:29 IST" duration-ms="10940">
    <groups>
    </groups>
    <test started-at="2026-05-01T10:46:18 IST" name="Default test" finished-at="2026-05-01T10:46:29 IST" duration-ms="10940">
      <class name="com.fw.HybirdDriven">
        <test-method signature="test(java.lang.String,java.lang.String)[pri:0, instance:com.fw.HybirdDriven@59662a0b]" started-at="2026-05-01T10:46:19 IST" name="test" data-provider="tanvi" finished-at="2026-05-01T10:46:21 IST" duration-ms="2052" status="PASS">
          <params>
            <param index="0">
              <value>
                <![CDATA[open browser]]>
              </value>
            </param>
            <param index="1">
              <value>
                <![CDATA[NA]]>
              </value>
            </param>
          </params>
          <reporter-output>
          </reporter-output>
        </test-method> <!-- test -->
        <test-method signature="test(java.lang.String,java.lang.String)[pri:0, instance:com.fw.HybirdDriven@59662a0b]" started-at="2026-05-01T10:46:21 IST" name="test" data-provider="tanvi" finished-at="2026-05-01T10:46:24 IST" duration-ms="2621" status="PASS">
          <params>
            <param index="0">
              <value>
                <![CDATA[enter url]]>
              </value>
            </param>
            <param index="1">
              <value>
                <![CDATA[https://www.saucedemo.com/]]>
              </value>
            </param>
          </params>
          <reporter-output>
          </reporter-output>
        </test-method> <!-- test -->
        <test-method signature="test(java.lang.String,java.lang.String)[pri:0, instance:com.fw.HybirdDriven@59662a0b]" started-at="2026-05-01T10:46:24 IST" name="test" data-provider="tanvi" finished-at="2026-05-01T10:46:26 IST" duration-ms="2104" status="PASS">
          <params>
            <param index="0">
              <value>
                <![CDATA[enter username]]>
              </value>
            </param>
            <param index="1">
              <value>
                <![CDATA[standard_user]]>
              </value>
            </param>
          </params>
          <reporter-output>
          </reporter-output>
        </test-method> <!-- test -->
        <test-method signature="test(java.lang.String,java.lang.String)[pri:0, instance:com.fw.HybirdDriven@59662a0b]" started-at="2026-05-01T10:46:26 IST" name="test" data-provider="tanvi" finished-at="2026-05-01T10:46:27 IST" duration-ms="1063" status="PASS">
          <params>
            <param index="0">
              <value>
                <![CDATA[enter password]]>
              </value>
            </param>
            <param index="1">
              <value>
                <![CDATA[secret_sauce]]>
              </value>
            </param>
          </params>
          <reporter-output>
          </reporter-output>
        </test-method> <!-- test -->
        <test-method signature="test(java.lang.String,java.lang.String)[pri:0, instance:com.fw.HybirdDriven@59662a0b]" started-at="2026-05-01T10:46:27 IST" name="test" data-provider="tanvi" finished-at="2026-05-01T10:46:29 IST" duration-ms="2133" status="PASS">
          <params>
            <param index="0">
              <value>
                <![CDATA[click login]]>
              </value>
            </param>
            <param index="1">
              <value>
                <![CDATA[NA]]>
              </value>
            </param>
          </params>
          <reporter-output>
          </reporter-output>
        </test-method> <!-- test -->
        <test-method signature="test(java.lang.String,java.lang.String)[pri:0, instance:com.fw.HybirdDriven@59662a0b]" started-at="2026-05-01T10:46:29 IST" name="test" data-provider="tanvi" finished-at="2026-05-01T10:46:29 IST" duration-ms="114" status="PASS">
          <params>
            <param index="0">
              <value>
                <![CDATA[close browser]]>
              </value>
            </param>
            <param index="1">
              <value>
                <![CDATA[NA]]>
              </value>
            </param>
          </params>
          <reporter-output>
          </reporter-output>
        </test-method> <!-- test -->
      </class> <!-- com.fw.HybirdDriven -->
    </test> <!-- Default test -->
  </suite> <!-- Default suite -->
</testng-results>
