<?xml version="1.0" encoding="UTF-8"?>
<!-- Generated by org.testng.reporters.JUnitReportReporter -->
<testsuite hostname="DESKTOP-HNG5JPV" failures="0" tests="3" name="com.testng.TestNG_group" time="0.023" errors="0" timestamp="2026-04-27T10:52:11 IST" skipped="0">
  <testcase classname="com.testng.TestNG_group" name="red2" time="0.002"/>
  <testcase classname="com.testng.TestNG_group" name="red3" time="0.001"/>
  <testcase classname="com.testng.TestNG_group" name="red1" time="0.020"/>
</testsuite> <!-- com.testng.TestNG_group -->
