<?xml version="1.0" encoding="UTF-8"?>
<!-- Generated by org.testng.reporters.JUnitReportReporter -->
<testsuite hostname="DESKTOP-HNG5JPV" failures="0" tests="5" name="com.testng.TestNGDependsOn" time="13.169" errors="0" timestamp="2026-04-27T10:45:02 IST" skipped="0">
  <testcase classname="com.testng.TestNGDependsOn" name="enterUsername" time="2.103"/>
  <testcase classname="com.testng.TestNGDependsOn" name="clickLogin" time="5.095"/>
  <testcase classname="com.testng.TestNGDependsOn" name="before" time="4.807"/>
  <testcase classname="com.testng.TestNGDependsOn" name="enterPassword" time="1.059"/>
  <testcase classname="com.testng.TestNGDependsOn" name="after" time="0.105"/>
</testsuite> <!-- com.testng.TestNGDependsOn -->
