<?xml version="1.0" encoding="UTF-8"?>
<!-- Generated by org.testng.reporters.JUnitReportReporter -->
<testsuite hostname="DESKTOP-HNG5JPV" failures="0" tests="5" name="com.testng.TEstWebdriver" time="13.134" errors="0" timestamp="2026-04-27T10:42:15 IST" skipped="0">
  <testcase classname="com.testng.TEstWebdriver" name="before" time="4.746"/>
  <testcase classname="com.testng.TEstWebdriver" name="enterUsername" time="2.096"/>
  <testcase classname="com.testng.TEstWebdriver" name="enterPassword" time="1.070"/>
  <testcase classname="com.testng.TEstWebdriver" name="clickLogin" time="5.088"/>
  <testcase classname="com.testng.TEstWebdriver" name="after" time="0.134"/>
</testsuite> <!-- com.testng.TEstWebdriver -->
